<?xml version="1.0" encoding="UTF-8"?>
<testsuite xmlns:xsi="http://www.w3.org/2001/XMLSchema-instance" xsi:noNamespaceSchemaLocation="https://maven.apache.org/surefire/maven-surefire-plugin/xsd/surefire-test-report.xsd" version="3.0.2" name="com.gamehub.app.GameHubApplicationTests" time="1.958" tests="1" errors="0" skipped="0" failures="0">
  <properties>
[...]
</properties>
  <testcase name="contextLoads" classname="com.gamehub.app.GameHubApplicationTests" time="0.701">
    <system-out><![CDATA[15:24:45.381 [main] INFO org.springframework.test.context.support.AnnotationConfigContextLoaderUtils -- Could not detect default configuration classes for test class [com.gamehub.app.GameHubApplicationTests]: GameHubApplicationTests does not declare any static, non-private, non-final, nested classes annotated with @Configuration.
15:24:45.466 [main] INFO org.springframework.boot.test.context.SpringBootTestContextBootstrapper -- Found @SpringBootConfiguration com.gamehub.app.GameHubApplication for test class com.gamehub.app.GameHubApplicationTests
15:24:45.583 [main] INFO org.springframework.boot.devtools.restart.RestartApplicationListener -- Restart disabled due to context in which it is running

  .   ____          _            __ _ _
 /\\ / ___'_ __ _ _(_)_ __  __ _ \ \ \ \
( ( )\___ | '_ | '_| | '_ \/ _` | \ \ \ \
 \\/  ___)| |_)| | | | | || (_| |  ) ) ) )
  '  |____| .__|_| |_|_| |_\__, | / / / /
 =========|_|==============|___/=/_/_/_/

 :: Spring Boot ::                (v3.5.3)

2025-06-25T15:24:45.785-06:00  INFO 130488 --- [GameHub] [           main] c.gamehub.app.GameHubApplicationTests    : Starting GameHubApplicationTests using Java 17.0.15 with PID 130488 (started by Slav in C:\Users\Slav\Desktop\GameHub)
2025-06-25T15:24:45.786-06:00  INFO 130488 --- [GameHub] [           main] c.gamehub.app.GameHubApplicationTests    : No active profile set, falling back to 1 default profile: "default"
2025-06-25T15:24:46.273-06:00  INFO 130488 --- [GameHub] [           main] o.s.b.a.w.s.WelcomePageHandlerMapping    : Adding welcome page template: index
2025-06-25T15:24:46.482-06:00  INFO 130488 --- [GameHub] [           main] c.gamehub.app.GameHubApplicationTests    : Started GameHubApplicationTests in 0.907 seconds (process running for 1.882)
]]></system-out>
  </testcase>
</testsuite>